<?xml version="1.0" encoding="utf-8"?><testsuites><testsuite name="pytest" errors="1" failures="0" skipped="0" tests="1" time="0.125" timestamp="2025-07-06T16:08:28.975525" hostname="Thomas-PC"><testcase classname="" name="test_unit" time="0.000"><error message="collection failure">ImportError while importing test module 'C:\Users\patan\Projects\livetranslate\modules\whisper-service\tests\test_unit.py'.
Hint: make sure your test modules/packages have valid Python names.
Traceback:
C:\Users\patan\miniconda3\Lib\importlib\__init__.py:90: in import_module
    return _bootstrap._gcd_import(name[level:], package, level)
test_unit.py:22: in &lt;module&gt;
    from error_handler import ErrorHandler, ErrorType, WebSocketError
E   ImportError: cannot import name 'ErrorType' from 'error_handler' (C:\Users\patan\Projects\livetranslate\modules\whisper-service\tests\..\src\error_handler.py)</error></testcase></testsuite></testsuites>