<?xml version="1.0" encoding="utf-8"?><testsuites name="pytest tests"><testsuite name="pytest" errors="0" failures="0" skipped="62" tests="63" time="0.082" timestamp="2025-10-25T11:35:18.361401-07:00" hostname="MacBookPro.localdomain"><testcase classname="tests.unit.test_openvino_manager.TestOpenVINOModelManager" name="test_initialization_default_parameters" time="0.000"><skipped type="pytest.skip" message="OpenVINO not installed">/Users/thomaspatane/Documents/GitHub/livetranslate/modules/whisper-service/tests/unit/test_openvino_manager.py:102: OpenVINO not installed</skipped></testcase><testcase classname="tests.unit.test_openvino_manager.TestOpenVINOModelManager" name="test_initialization_custom_parameters" time="0.000"><skipped type="pytest.skip" message="OpenVINO not installed">/Users/thomaspatane/Documents/GitHub/livetranslate/modules/whisper-service/tests/unit/test_openvino_manager.py:117: OpenVINO not installed</skipped></testcase><testcase classname="tests.unit.test_openvino_manager.TestOpenVINOModelManager" name="test_initialization_creates_models_directory" time="0.000"><skipped type="pytest.skip" message="OpenVINO not installed">/Users/thomaspatane/Documents/GitHub/livetranslate/modules/whisper-service/tests/unit/test_openvino_manager.py:131: OpenVINO not installed</skipped></testcase><testcase classname="tests.unit.test_openvino_manager.TestOpenVINOModelManager" name="test_detect_best_device_npu_available" time="0.000"><skipped type="pytest.skip" message="OpenVINO not installed">/Users/thomaspatane/Documents/GitHub/livetranslate/modules/whisper-service/tests/unit/test_openvino_manager.py:144: OpenVINO not installed</skipped></testcase><testcase classname="tests.unit.test_openvino_manager.TestOpenVINOModelManager" name="test_detect_best_device_gpu_fallback" time="0.000"><skipped type="pytest.skip" message="OpenVINO not installed">/Users/thomaspatane/Documents/GitHub/livetranslate/modules/whisper-service/tests/unit/test_openvino_manager.py:156: OpenVINO not installed</skipped></testcase><testcase classname="tests.unit.test_openvino_manager.TestOpenVINOModelManager" name="test_detect_best_device_cpu_fallback" time="0.000"><skipped type="pytest.skip" message="OpenVINO not installed">/Users/thomaspatane/Documents/GitHub/livetranslate/modules/whisper-service/tests/unit/test_openvino_manager.py:168: OpenVINO not installed</skipped></testcase><testcase classname="tests.unit.test_openvino_manager.TestOpenVINOModelManager" name="test_detect_best_device_from_environment" time="0.000"><skipped type="pytest.skip" message="OpenVINO not installed">/Users/thomaspatane/Documents/GitHub/livetranslate/modules/whisper-service/tests/unit/test_openvino_manager.py:180: OpenVINO not installed</skipped></testcase><testcase classname="tests.unit.test_openvino_manager.TestOpenVINOModelManager" name="test_detect_best_device_openvino_not_available" time="0.000"><skipped type="pytest.skip" message="OpenVINO not installed">/Users/thomaspatane/Documents/GitHub/livetranslate/modules/whisper-service/tests/unit/test_openvino_manager.py:193: OpenVINO not installed</skipped></testcase><testcase classname="tests.unit.test_openvino_manager.TestOpenVINOModelManager" name="test_device_capabilities_npu" time="0.000"><skipped type="pytest.skip" message="OpenVINO not installed">/Users/thomaspatane/Documents/GitHub/livetranslate/modules/whisper-service/tests/unit/test_openvino_manager.py:203: OpenVINO not installed</skipped></testcase><testcase classname="tests.unit.test_openvino_manager.TestOpenVINOModelManager" name="test_device_capabilities_gpu" time="0.000"><skipped type="pytest.skip" message="OpenVINO not installed">/Users/thomaspatane/Documents/GitHub/livetranslate/modules/whisper-service/tests/unit/test_openvino_manager.py:218: OpenVINO not installed</skipped></testcase><testcase classname="tests.unit.test_openvino_manager.TestOpenVINOModelManager" name="test_list_models_finds_all_models" time="0.000"><skipped type="pytest.skip" message="OpenVINO not installed">/Users/thomaspatane/Documents/GitHub/livetranslate/modules/whisper-service/tests/unit/test_openvino_manager.py:234: OpenVINO not installed</skipped></testcase><testcase classname="tests.unit.test_openvino_manager.TestOpenVINOModelManager" name="test_list_models_caches_metadata" time="0.000"><skipped type="pytest.skip" message="OpenVINO not installed">/Users/thomaspatane/Documents/GitHub/livetranslate/modules/whisper-service/tests/unit/test_openvino_manager.py:243: OpenVINO not installed</skipped></testcase><testcase classname="tests.unit.test_openvino_manager.TestOpenVINOModelManager" name="test_list_models_empty_directory" time="0.000"><skipped type="pytest.skip" message="OpenVINO not installed">/Users/thomaspatane/Documents/GitHub/livetranslate/modules/whisper-service/tests/unit/test_openvino_manager.py:252: OpenVINO not installed</skipped></testcase><testcase classname="tests.unit.test_openvino_manager.TestOpenVINOModelManager" name="test_load_model_success" time="0.000"><skipped type="pytest.skip" message="OpenVINO not installed">/Users/thomaspatane/Documents/GitHub/livetranslate/modules/whisper-service/tests/unit/test_openvino_manager.py:265: OpenVINO not installed</skipped></testcase><testcase classname="tests.unit.test_openvino_manager.TestOpenVINOModelManager" name="test_load_model_caching" time="0.000"><skipped type="pytest.skip" message="OpenVINO not installed">/Users/thomaspatane/Documents/GitHub/livetranslate/modules/whisper-service/tests/unit/test_openvino_manager.py:274: OpenVINO not installed</skipped></testcase><testcase classname="tests.unit.test_openvino_manager.TestOpenVINOModelManager" name="test_load_model_force_reload" time="0.000"><skipped type="pytest.skip" message="OpenVINO not installed">/Users/thomaspatane/Documents/GitHub/livetranslate/modules/whisper-service/tests/unit/test_openvino_manager.py:287: OpenVINO not installed</skipped></testcase><testcase classname="tests.unit.test_openvino_manager.TestOpenVINOModelManager" name="test_load_model_not_found" time="0.000"><skipped type="pytest.skip" message="OpenVINO not installed">/Users/thomaspatane/Documents/GitHub/livetranslate/modules/whisper-service/tests/unit/test_openvino_manager.py:299: OpenVINO not installed</skipped></testcase><testcase classname="tests.unit.test_openvino_manager.TestOpenVINOModelManager" name="test_load_model_updates_last_used" time="0.000"><skipped type="pytest.skip" message="OpenVINO not installed">/Users/thomaspatane/Documents/GitHub/livetranslate/modules/whisper-service/tests/unit/test_openvino_manager.py:307: OpenVINO not installed</skipped></testcase><testcase classname="tests.unit.test_openvino_manager.TestOpenVINOModelManager" name="test_load_pipeline_with_fallback_npu_to_cpu" time="0.000"><skipped type="pytest.skip" message="OpenVINO not installed">/Users/thomaspatane/Documents/GitHub/livetranslate/modules/whisper-service/tests/unit/test_openvino_manager.py:318: OpenVINO not installed</skipped></testcase><testcase classname="tests.unit.test_openvino_manager.TestOpenVINOModelManager" name="test_load_pipeline_with_fallback_npu_to_gpu_to_cpu" time="0.000"><skipped type="pytest.skip" message="OpenVINO not installed">/Users/thomaspatane/Documents/GitHub/livetranslate/modules/whisper-service/tests/unit/test_openvino_manager.py:335: OpenVINO not installed</skipped></testcase><testcase classname="tests.unit.test_openvino_manager.TestOpenVINOModelManager" name="test_load_pipeline_with_fallback_all_fail" time="0.000"><skipped type="pytest.skip" message="OpenVINO not installed">/Users/thomaspatane/Documents/GitHub/livetranslate/modules/whisper-service/tests/unit/test_openvino_manager.py:353: OpenVINO not installed</skipped></testcase><testcase classname="tests.unit.test_openvino_manager.TestOpenVINOModelManager" name="test_load_pipeline_tracks_npu_errors" time="0.000"><skipped type="pytest.skip" message="OpenVINO not installed">/Users/thomaspatane/Documents/GitHub/livetranslate/modules/whisper-service/tests/unit/test_openvino_manager.py:364: OpenVINO not installed</skipped></testcase><testcase classname="tests.unit.test_openvino_manager.TestOpenVINOModelManager" name="test_safe_inference_success" time="0.000"><skipped type="pytest.skip" message="OpenVINO not installed">/Users/thomaspatane/Documents/GitHub/livetranslate/modules/whisper-service/tests/unit/test_openvino_manager.py:380: OpenVINO not installed</skipped></testcase><testcase classname="tests.unit.test_openvino_manager.TestOpenVINOModelManager" name="test_safe_inference_empty_audio" time="0.000"><skipped type="pytest.skip" message="OpenVINO not installed">/Users/thomaspatane/Documents/GitHub/livetranslate/modules/whisper-service/tests/unit/test_openvino_manager.py:390: OpenVINO not installed</skipped></testcase><testcase classname="tests.unit.test_openvino_manager.TestOpenVINOModelManager" name="test_safe_inference_none_audio" time="0.000"><skipped type="pytest.skip" message="OpenVINO not installed">/Users/thomaspatane/Documents/GitHub/livetranslate/modules/whisper-service/tests/unit/test_openvino_manager.py:397: OpenVINO not installed</skipped></testcase><testcase classname="tests.unit.test_openvino_manager.TestOpenVINOModelManager" name="test_safe_inference_npu_cooldown" time="0.000"><skipped type="pytest.skip" message="OpenVINO not installed">/Users/thomaspatane/Documents/GitHub/livetranslate/modules/whisper-service/tests/unit/test_openvino_manager.py:404: OpenVINO not installed</skipped></testcase><testcase classname="tests.unit.test_openvino_manager.TestOpenVINOModelManager" name="test_safe_inference_thread_safety" time="0.000"><skipped type="pytest.skip" message="OpenVINO not installed">/Users/thomaspatane/Documents/GitHub/livetranslate/modules/whisper-service/tests/unit/test_openvino_manager.py:420: OpenVINO not installed</skipped></testcase><testcase classname="tests.unit.test_openvino_manager.TestOpenVINOModelManager" name="test_safe_inference_updates_statistics" time="0.000"><skipped type="pytest.skip" message="OpenVINO not installed">/Users/thomaspatane/Documents/GitHub/livetranslate/modules/whisper-service/tests/unit/test_openvino_manager.py:444: OpenVINO not installed</skipped></testcase><testcase classname="tests.unit.test_openvino_manager.TestOpenVINOModelManager" name="test_safe_inference_handles_different_result_formats" time="0.000"><skipped type="pytest.skip" message="OpenVINO not installed">/Users/thomaspatane/Documents/GitHub/livetranslate/modules/whisper-service/tests/unit/test_openvino_manager.py:456: OpenVINO not installed</skipped></testcase><testcase classname="tests.unit.test_openvino_manager.TestOpenVINOModelManager" name="test_safe_inference_npu_busy_error" time="0.000"><skipped type="pytest.skip" message="OpenVINO not installed">/Users/thomaspatane/Documents/GitHub/livetranslate/modules/whisper-service/tests/unit/test_openvino_manager.py:476: OpenVINO not installed</skipped></testcase><testcase classname="tests.unit.test_openvino_manager.TestOpenVINOModelManager" name="test_safe_inference_npu_device_lost" time="0.000"><skipped type="pytest.skip" message="OpenVINO not installed">/Users/thomaspatane/Documents/GitHub/livetranslate/modules/whisper-service/tests/unit/test_openvino_manager.py:486: OpenVINO not installed</skipped></testcase><testcase classname="tests.unit.test_openvino_manager.TestOpenVINOModelManager" name="test_safe_inference_memory_error" time="0.000"><skipped type="pytest.skip" message="OpenVINO not installed">/Users/thomaspatane/Documents/GitHub/livetranslate/modules/whisper-service/tests/unit/test_openvino_manager.py:498: OpenVINO not installed</skipped></testcase><testcase classname="tests.unit.test_openvino_manager.TestOpenVINOModelManager" name="test_safe_inference_generic_error_tracking" time="0.000"><skipped type="pytest.skip" message="OpenVINO not installed">/Users/thomaspatane/Documents/GitHub/livetranslate/modules/whisper-service/tests/unit/test_openvino_manager.py:510: OpenVINO not installed</skipped></testcase><testcase classname="tests.unit.test_openvino_manager.TestOpenVINOModelManager" name="test_pipeline_caching_lru_behavior" time="0.000"><skipped type="pytest.skip" message="OpenVINO not installed">/Users/thomaspatane/Documents/GitHub/livetranslate/modules/whisper-service/tests/unit/test_openvino_manager.py:524: OpenVINO not installed</skipped></testcase><testcase classname="tests.unit.test_openvino_manager.TestOpenVINOModelManager" name="test_check_memory_pressure_triggers_cleanup" time="0.000"><skipped type="pytest.skip" message="OpenVINO not installed">/Users/thomaspatane/Documents/GitHub/livetranslate/modules/whisper-service/tests/unit/test_openvino_manager.py:545: OpenVINO not installed</skipped></testcase><testcase classname="tests.unit.test_openvino_manager.TestOpenVINOModelManager" name="test_cleanup_old_models_keeps_minimum" time="0.000"><skipped type="pytest.skip" message="OpenVINO not installed">/Users/thomaspatane/Documents/GitHub/livetranslate/modules/whisper-service/tests/unit/test_openvino_manager.py:562: OpenVINO not installed</skipped></testcase><testcase classname="tests.unit.test_openvino_manager.TestOpenVINOModelManager" name="test_cleanup_old_models_removes_oldest" time="0.000"><skipped type="pytest.skip" message="OpenVINO not installed">/Users/thomaspatane/Documents/GitHub/livetranslate/modules/whisper-service/tests/unit/test_openvino_manager.py:572: OpenVINO not installed</skipped></testcase><testcase classname="tests.unit.test_openvino_manager.TestOpenVINOModelManager" name="test_clear_cache_specific_model" time="0.000"><skipped type="pytest.skip" message="OpenVINO not installed">/Users/thomaspatane/Documents/GitHub/livetranslate/modules/whisper-service/tests/unit/test_openvino_manager.py:591: OpenVINO not installed</skipped></testcase><testcase classname="tests.unit.test_openvino_manager.TestOpenVINOModelManager" name="test_clear_cache_all_models" time="0.000"><skipped type="pytest.skip" message="OpenVINO not installed">/Users/thomaspatane/Documents/GitHub/livetranslate/modules/whisper-service/tests/unit/test_openvino_manager.py:604: OpenVINO not installed</skipped></testcase><testcase classname="tests.unit.test_openvino_manager.TestOpenVINOModelManager" name="test_clear_cache_handles_missing_model" time="0.000"><skipped type="pytest.skip" message="OpenVINO not installed">/Users/thomaspatane/Documents/GitHub/livetranslate/modules/whisper-service/tests/unit/test_openvino_manager.py:618: OpenVINO not installed</skipped></testcase><testcase classname="tests.unit.test_openvino_manager.TestOpenVINOModelManager" name="test_get_stats_returns_complete_info" time="0.000"><skipped type="pytest.skip" message="OpenVINO not installed">/Users/thomaspatane/Documents/GitHub/livetranslate/modules/whisper-service/tests/unit/test_openvino_manager.py:624: OpenVINO not installed</skipped></testcase><testcase classname="tests.unit.test_openvino_manager.TestOpenVINOModelManager" name="test_get_stats_reflects_current_state" time="0.000"><skipped type="pytest.skip" message="OpenVINO not installed">/Users/thomaspatane/Documents/GitHub/livetranslate/modules/whisper-service/tests/unit/test_openvino_manager.py:640: OpenVINO not installed</skipped></testcase><testcase classname="tests.unit.test_openvino_manager.TestOpenVINOModelManager" name="test_get_stats_memory_stats" time="0.000"><skipped type="pytest.skip" message="OpenVINO not installed">/Users/thomaspatane/Documents/GitHub/livetranslate/modules/whisper-service/tests/unit/test_openvino_manager.py:654: OpenVINO not installed</skipped></testcase><testcase classname="tests.unit.test_openvino_manager.TestOpenVINOModelManager" name="test_health_check_healthy_state" time="0.000"><skipped type="pytest.skip" message="OpenVINO not installed">/Users/thomaspatane/Documents/GitHub/livetranslate/modules/whisper-service/tests/unit/test_openvino_manager.py:665: OpenVINO not installed</skipped></testcase><testcase classname="tests.unit.test_openvino_manager.TestOpenVINOModelManager" name="test_health_check_no_models" time="0.000"><skipped type="pytest.skip" message="OpenVINO not installed">/Users/thomaspatane/Documents/GitHub/livetranslate/modules/whisper-service/tests/unit/test_openvino_manager.py:677: OpenVINO not installed</skipped></testcase><testcase classname="tests.unit.test_openvino_manager.TestOpenVINOModelManager" name="test_health_check_high_error_rate" time="0.000"><skipped type="pytest.skip" message="OpenVINO not installed">/Users/thomaspatane/Documents/GitHub/livetranslate/modules/whisper-service/tests/unit/test_openvino_manager.py:690: OpenVINO not installed</skipped></testcase><testcase classname="tests.unit.test_openvino_manager.TestOpenVINOModelManager" name="test_health_check_device_errors" time="0.000"><skipped type="pytest.skip" message="OpenVINO not installed">/Users/thomaspatane/Documents/GitHub/livetranslate/modules/whisper-service/tests/unit/test_openvino_manager.py:702: OpenVINO not installed</skipped></testcase><testcase classname="tests.unit.test_openvino_manager.TestOpenVINOModelManager" name="test_health_check_openvino_not_available" time="0.000"><skipped type="pytest.skip" message="OpenVINO not installed">/Users/thomaspatane/Documents/GitHub/livetranslate/modules/whisper-service/tests/unit/test_openvino_manager.py:712: OpenVINO not installed</skipped></testcase><testcase classname="tests.unit.test_openvino_manager.TestOpenVINOModelManager" name="test_inference_context_success" time="0.000"><skipped type="pytest.skip" message="OpenVINO not installed">/Users/thomaspatane/Documents/GitHub/livetranslate/modules/whisper-service/tests/unit/test_openvino_manager.py:725: OpenVINO not installed</skipped></testcase><testcase classname="tests.unit.test_openvino_manager.TestOpenVINOModelManager" name="test_inference_context_handles_errors" time="0.000"><skipped type="pytest.skip" message="OpenVINO not installed">/Users/thomaspatane/Documents/GitHub/livetranslate/modules/whisper-service/tests/unit/test_openvino_manager.py:731: OpenVINO not installed</skipped></testcase><testcase classname="tests.unit.test_openvino_manager.TestOpenVINOModelManager" name="test_shutdown_clears_cache" time="0.000"><skipped type="pytest.skip" message="OpenVINO not installed">/Users/thomaspatane/Documents/GitHub/livetranslate/modules/whisper-service/tests/unit/test_openvino_manager.py:740: OpenVINO not installed</skipped></testcase><testcase classname="tests.unit.test_openvino_manager.TestOpenVINOModelManager" name="test_shutdown_handles_errors_gracefully" time="0.000"><skipped type="pytest.skip" message="OpenVINO not installed">/Users/thomaspatane/Documents/GitHub/livetranslate/modules/whisper-service/tests/unit/test_openvino_manager.py:749: OpenVINO not installed</skipped></testcase><testcase classname="tests.unit.test_openvino_manager.TestOpenVINOModelManager" name="test_preload_default_model_success" time="0.000"><skipped type="pytest.skip" message="OpenVINO not installed">/Users/thomaspatane/Documents/GitHub/livetranslate/modules/whisper-service/tests/unit/test_openvino_manager.py:756: OpenVINO not installed</skipped></testcase><testcase classname="tests.unit.test_openvino_manager.TestOpenVINOModelManager" name="test_preload_default_model_not_found" time="0.000"><skipped type="pytest.skip" message="OpenVINO not installed">/Users/thomaspatane/Documents/GitHub/livetranslate/modules/whisper-service/tests/unit/test_openvino_manager.py:767: OpenVINO not installed</skipped></testcase><testcase classname="tests.unit.test_openvino_manager.TestOpenVINOModelManager" name="test_preload_default_model_error" time="0.000"><skipped type="pytest.skip" message="OpenVINO not installed">/Users/thomaspatane/Documents/GitHub/livetranslate/modules/whisper-service/tests/unit/test_openvino_manager.py:777: OpenVINO not installed</skipped></testcase><testcase classname="tests.unit.test_openvino_manager.TestOpenVINOModelManager" name="test_concurrent_model_loading" time="0.000"><skipped type="pytest.skip" message="OpenVINO not installed">/Users/thomaspatane/Documents/GitHub/livetranslate/modules/whisper-service/tests/unit/test_openvino_manager.py:791: OpenVINO not installed</skipped></testcase><testcase classname="tests.unit.test_openvino_manager.TestOpenVINOModelManager" name="test_inference_with_kwargs" time="0.000"><skipped type="pytest.skip" message="OpenVINO not installed">/Users/thomaspatane/Documents/GitHub/livetranslate/modules/whisper-service/tests/unit/test_openvino_manager.py:814: OpenVINO not installed</skipped></testcase><testcase classname="tests.unit.test_openvino_manager.TestOpenVINOModelManager" name="test_weak_references_cleanup" time="0.000"><skipped type="pytest.skip" message="OpenVINO not installed">/Users/thomaspatane/Documents/GitHub/livetranslate/modules/whisper-service/tests/unit/test_openvino_manager.py:824: OpenVINO not installed</skipped></testcase><testcase classname="tests.unit.test_openvino_manager.TestOpenVINOModelManager" name="test_reentrant_lock_allows_nested_calls" time="0.000"><skipped type="pytest.skip" message="OpenVINO not installed">/Users/thomaspatane/Documents/GitHub/livetranslate/modules/whisper-service/tests/unit/test_openvino_manager.py:837: OpenVINO not installed</skipped></testcase><testcase classname="tests.unit.test_openvino_manager.TestOpenVINOModelManager" name="test_queue_max_size_respected" time="0.000"><skipped type="pytest.skip" message="OpenVINO not installed">/Users/thomaspatane/Documents/GitHub/livetranslate/modules/whisper-service/tests/unit/test_openvino_manager.py:848: OpenVINO not installed</skipped></testcase><testcase classname="tests.unit.test_openvino_manager" name="test_create_model_manager_convenience_function" time="0.000"><skipped type="pytest.skip" message="OpenVINO not installed">/Users/thomaspatane/Documents/GitHub/livetranslate/modules/whisper-service/tests/unit/test_openvino_manager.py:855: OpenVINO not installed</skipped></testcase><testcase classname="tests.unit.test_openvino_manager" name="test_custom_exception_classes" time="0.000"><skipped type="pytest.skip" message="OpenVINO not installed">/Users/thomaspatane/Documents/GitHub/livetranslate/modules/whisper-service/tests/unit/test_openvino_manager.py:877: OpenVINO not installed</skipped></testcase><testcase classname="tests.unit.test_openvino_manager" name="test_openvino_availability_detection" time="0.040" /></testsuite></testsuites>
